#
# A fatal error has been detected by the Java Runtime Environment:
#
#  EXCEPTION_ACCESS_VIOLATION (0xc0000005) at pc=0x000000005dd6807b, pid=6556, tid=0x000000000000112c
#
# JRE version: Java(TM) SE Runtime Environment (8.0_111-b14) (build 1.8.0_111-b14)
# Java VM: Java HotSpot(TM) 64-Bit Server VM (25.111-b14 mixed mode windows-amd64 compressed oops)
# Problematic frame:
# V  [jvm.dll+0x2d807b]
#
# Failed to write core dump. Minidumps are not enabled by default on client versions of Windows
#
# If you would like to submit a bug report, please visit:
#   http://bugreport.java.com/bugreport/crash.jsp
#

---------------  T H R E A D  ---------------

Current thread (0x0000000053a5c800):  VMThread [stack: 0x0000000054570000,0x0000000054670000] [id=4396]

siginfo: ExceptionCode=0xc0000005, reading address 0xffffffffffffffff

Registers:
RAX=0x0000000002905720, RBX=0x000000005466eca0, RCX=0x000000005466eca0, RDX=0x00000000021c18c0
RSP=0x000000005466ec50, RBP=0x0000000000000000, RSI=0x0000000000000002, RDI=0x000000005e240588
R8 =0xb1b1b1b1b1b1b1b1, R9 =0xb1b1b1b1b1b1b1b1, R10=0x000000005466ed00, R11=0x0000000057f4ee10
R12=0x0000000000000000, R13=0x0000000000000000, R14=0x0000000000000000, R15=0x000000000000000e
RIP=0x000000005dd6807b, EFLAGS=0x0000000000010246

Top of Stack: (sp=0x000000005466ec50)
0x000000005466ec50:   000000005466eca0 0000000000000000
0x000000005466ec60:   0000000000000002 0000000057f4edb0
0x000000005466ec70:   00000000560a7000 000000005dcd14a4
0x000000005466ec80:   00000000560a7000 000000005e240588
0x000000005466ec90:   0000000000000000 000000005dd1a20b
0x000000005466eca0:   0000000057f4ee20 b1b1b1b1b1b1b1b1
0x000000005466ecb0:   0000000000000000 0000000000000000
0x000000005466ecc0:   b1b1b1b1b1b1b1b1 0000000057f4ee20
0x000000005466ecd0:   0000000057f4ee20 b1b1b1b1b1b1b1b1
0x000000005466ece0:   0000000000000000 0000000000000000
0x000000005466ecf0:   b1b1b1b1b1b1b1b1 0000000057f4ee20
0x000000005466ed00:   0000000000000000 0000000000000000
0x000000005466ed10:   0000000000000000 0000000000000000
0x000000005466ed20:   0000000000000000 0000000000000000
0x000000005466ed30:   0000000000000001 000000005dd14cad
0x000000005466ed40:   000000005466ee50 000000005466f030 

Instructions: (pc=0x000000005dd6807b)
0x000000005dd6805b:   c3 48 83 79 10 00 74 11 48 8b d3 e8 c5 fb ff ff
0x000000005dd6806b:   48 8b c3 48 83 c4 20 5b c3 4c 8b 41 20 48 8b cb
0x000000005dd6807b:   4d 8b 48 08 49 8d 50 10 4d 8b 00 e8 85 43 d4 ff
0x000000005dd6808b:   48 8b c3 48 83 c4 20 5b c3 cc cc cc cc cc cc cc 


Register to memory mapping:

RAX=0x0000000002905720 is an unknown value
RBX=0x000000005466eca0 is an unknown value
RCX=0x000000005466eca0 is an unknown value
RDX=0x00000000021c18c0 is an unknown value
RSP=0x000000005466ec50 is an unknown value
RBP=0x0000000000000000 is an unknown value
RSI=0x0000000000000002 is an unknown value
RDI=0x000000005e240588 is an unknown value
R8 =0xb1b1b1b1b1b1b1b1 is an unknown value
R9 =0xb1b1b1b1b1b1b1b1 is an unknown value
R10=0x000000005466ed00 is an unknown value
R11=0x0000000057f4ee10 is pointing into the stack for thread: 0x00000000560a7000
R12=0x0000000000000000 is an unknown value
R13=0x0000000000000000 is an unknown value
R14=0x0000000000000000 is an unknown value
R15=0x000000000000000e is an unknown value


Stack: [0x0000000054570000,0x0000000054670000],  sp=0x000000005466ec50,  free space=1019k
Native frames: (J=compiled Java code, j=interpreted, Vv=VM code, C=native code)

VM_Operation (0x0000000055dab5c0): ParallelGCFailedAllocation, mode: safepoint, requested by thread 0x0000000055407800


---------------  P R O C E S S  ---------------

Java Threads: ( => current thread )
  0x00000000560a7000 JavaThread "TimerQueue" daemon [_thread_blocked, id=6436, stack(0x0000000057e50000,0x0000000057f50000)]
  0x0000000056058000 JavaThread "Swing-Shell" daemon [_thread_blocked, id=6216, stack(0x0000000057120000,0x0000000057220000)]
  0x000000000232d800 JavaThread "DestroyJavaVM" [_thread_blocked, id=5516, stack(0x00000000024f0000,0x00000000025f0000)]
  0x0000000055407800 JavaThread "AWT-EventQueue-0" [_thread_blocked, id=908, stack(0x0000000055cb0000,0x0000000055db0000)]
  0x00000000553fa800 JavaThread "AWT-Windows" daemon [_thread_blocked, id=7128, stack(0x00000000556e0000,0x00000000557e0000)]
  0x00000000553f9800 JavaThread "AWT-Shutdown" [_thread_blocked, id=6276, stack(0x0000000055b30000,0x0000000055c30000)]
  0x0000000055401000 JavaThread "Java2D Disposer" daemon [_thread_blocked, id=6916, stack(0x00000000559c0000,0x0000000055ac0000)]
  0x00000000550e3000 JavaThread "Service Thread" daemon [_thread_blocked, id=6368, stack(0x0000000055570000,0x0000000055670000)]
  0x0000000053ad2000 JavaThread "C1 CompilerThread1" daemon [_thread_blocked, id=4636, stack(0x0000000054fd0000,0x00000000550d0000)]
  0x0000000053acc800 JavaThread "C2 CompilerThread0" daemon [_thread_blocked, id=3992, stack(0x0000000054eb0000,0x0000000054fb0000)]
  0x0000000053ac8800 JavaThread "Attach Listener" daemon [_thread_blocked, id=4248, stack(0x0000000054d10000,0x0000000054e10000)]
  0x0000000053ac7000 JavaThread "Signal Dispatcher" daemon [_thread_blocked, id=6252, stack(0x0000000054af0000,0x0000000054bf0000)]
  0x0000000053aae000 JavaThread "Finalizer" daemon [_thread_blocked, id=5212, stack(0x0000000054950000,0x0000000054a50000)]
  0x0000000053a64800 JavaThread "Reference Handler" daemon [_thread_blocked, id=4428, stack(0x00000000546e0000,0x00000000547e0000)]

Other Threads:
=>0x0000000053a5c800 VMThread [stack: 0x0000000054570000,0x0000000054670000] [id=4396]
  0x00000000550ee000 WatcherThread [stack: 0x00000000557e0000,0x00000000558e0000] [id=4080]

VM state:at safepoint (normal execution)

VM Mutex/Monitor currently owned by a thread:  ([mutex/lock_event])
[0x000000000232be00] Safepoint_lock - owner thread: 0x0000000053a5c800
[0x000000000232be80] Threads_lock - owner thread: 0x0000000053a5c800
[0x000000000232c380] Heap_lock - owner thread: 0x0000000055407800

Heap:
 PSYoungGen      total 12800K, used 9677K [0x00000000f5580000, 0x00000000f6e80000, 0x0000000100000000)
  eden space 8704K, 100% used [0x00000000f5580000,0x00000000f5e00000,0x00000000f5e00000)
  from space 4096K, 23% used [0x00000000f6200000,0x00000000f62f3720,0x00000000f6600000)
  to   space 4096K, 0% used [0x00000000f5e00000,0x00000000f5e00000,0x00000000f6200000)
 ParOldGen       total 22016K, used 3787K [0x00000000e0000000, 0x00000000e1580000, 0x00000000f5580000)
  object space 22016K, 17% used [0x00000000e0000000,0x00000000e03b2f00,0x00000000e1580000)
 Metaspace       used 14324K, capacity 14556K, committed 14848K, reserved 1062912K
  class space    used 1867K, capacity 1932K, committed 2048K, reserved 1048576K

Card table byte_map: [0x0000000002330000,0x0000000002440000] byte_map_base: 0x0000000001c30000

Marking Bits: (ParMarkBitMap*) 0x000000005e2aa6c0
 Begin Bits: [0x0000000012130000, 0x0000000012930000)
 End Bits:   [0x0000000012930000, 0x0000000013130000)

Polling page: 0x0000000000130000

CodeCache: size=245760Kb used=3485Kb max_used=3485Kb free=242274Kb
 bounds [0x00000000028c0000, 0x0000000002c30000, 0x00000000118c0000]
 total_blobs=1655 nmethods=1077 adapters=491
 compilation: enabled

Compilation events (10 events):
Event: 9.205 Thread 0x0000000053ad2000 1073       3       com.sun.imageio.plugins.common.InputStreamAdapter::read (13 bytes)
Event: 9.206 Thread 0x0000000053ad2000 nmethod 1073 0x0000000002c26950 code [0x0000000002c26ac0, 0x0000000002c26ce8]
Event: 9.206 Thread 0x0000000053ad2000 1074       3       com.sun.imageio.plugins.common.SubImageInputStream::read (46 bytes)
Event: 9.206 Thread 0x0000000053ad2000 nmethod 1074 0x0000000002c26dd0 code [0x0000000002c26f40, 0x0000000002c27268]
Event: 9.206 Thread 0x0000000053ad2000 1075       3       java.util.zip.InflaterInputStream::available (15 bytes)
Event: 9.207 Thread 0x0000000053ad2000 nmethod 1075 0x0000000002c27390 code [0x0000000002c27500, 0x0000000002c27808]
Event: 9.208 Thread 0x0000000053ad2000 1076   !   3       java.awt.Container::dispatchEventImpl (129 bytes)
Event: 9.209 Thread 0x0000000053ad2000 nmethod 1076 0x0000000002c27910 code [0x0000000002c27b00, 0x0000000002c285f8]
Event: 9.209 Thread 0x0000000053ad2000 1077       3       java.util.LinkedList$ListItr::hasNext (20 bytes)
Event: 9.210 Thread 0x0000000053ad2000 nmethod 1077 0x0000000002c28950 code [0x0000000002c28aa0, 0x0000000002c28c50]

GC Heap History (10 events):
Event: 7.501 GC heap before
{Heap before GC invocations=2 (full 0):
 PSYoungGen      total 9728K, used 9720K [0x00000000f5580000, 0x00000000f6000000, 0x0000000100000000)
  eden space 8704K, 100% used [0x00000000f5580000,0x00000000f5e00000,0x00000000f5e00000)
  from space 1024K, 99% used [0x00000000f5e00000,0x00000000f5efe300,0x00000000f5f00000)
  to   space 1024K, 0% used [0x00000000f5f00000,0x00000000f5f00000,0x00000000f6000000)
 ParOldGen       total 22016K, used 3107K [0x00000000e0000000, 0x00000000e1580000, 0x00000000f5580000)
  object space 22016K, 14% used [0x00000000e0000000,0x00000000e0308c00,0x00000000e1580000)
 Metaspace       used 13579K, capacity 13788K, committed 13952K, reserved 1060864K
  class space    used 1788K, capacity 1868K, committed 1920K, reserved 1048576K
Event: 7.505 GC heap after
Heap after GC invocations=2 (full 0):
 PSYoungGen      total 9728K, used 633K [0x00000000f5580000, 0x00000000f6000000, 0x0000000100000000)
  eden space 8704K, 0% used [0x00000000f5580000,0x00000000f5580000,0x00000000f5e00000)
  from space 1024K, 61% used [0x00000000f5f00000,0x00000000f5f9e7c0,0x00000000f6000000)
  to   space 1024K, 0% used [0x00000000f5e00000,0x00000000f5e00000,0x00000000f5f00000)
 ParOldGen       total 22016K, used 3779K [0x00000000e0000000, 0x00000000e1580000, 0x00000000f5580000)
  object space 22016K, 17% used [0x00000000e0000000,0x00000000e03b0f00,0x00000000e1580000)
 Metaspace       used 13579K, capacity 13788K, committed 13952K, reserved 1060864K
  class space    used 1788K, capacity 1868K, committed 1920K, reserved 1048576K
}
Event: 8.254 GC heap before
{Heap before GC invocations=3 (full 0):
 PSYoungGen      total 9728K, used 9337K [0x00000000f5580000, 0x00000000f6000000, 0x0000000100000000)
  eden space 8704K, 100% used [0x00000000f5580000,0x00000000f5e00000,0x00000000f5e00000)
  from space 1024K, 61% used [0x00000000f5f00000,0x00000000f5f9e7c0,0x00000000f6000000)
  to   space 1024K, 0% used [0x00000000f5e00000,0x00000000f5e00000,0x00000000f5f00000)
 ParOldGen       total 22016K, used 3779K [0x00000000e0000000, 0x00000000e1580000, 0x00000000f5580000)
  object space 22016K, 17% used [0x00000000e0000000,0x00000000e03b0f00,0x00000000e1580000)
 Metaspace       used 14282K, capacity 14492K, committed 14848K, reserved 1062912K
  class space    used 1867K, capacity 1932K, committed 2048K, reserved 1048576K
Event: 8.257 GC heap after
Heap after GC invocations=3 (full 0):
 PSYoungGen      total 9728K, used 1005K [0x00000000f5580000, 0x00000000f6000000, 0x0000000100000000)
  eden space 8704K, 0% used [0x00000000f5580000,0x00000000f5580000,0x00000000f5e00000)
  from space 1024K, 98% used [0x00000000f5e00000,0x00000000f5efb720,0x00000000f5f00000)
  to   space 1024K, 0% used [0x00000000f5f00000,0x00000000f5f00000,0x00000000f6000000)
 ParOldGen       total 22016K, used 3779K [0x00000000e0000000, 0x00000000e1580000, 0x00000000f5580000)
  object space 22016K, 17% used [0x00000000e0000000,0x00000000e03b0f00,0x00000000e1580000)
 Metaspace       used 14282K, capacity 14492K, committed 14848K, reserved 1062912K
  class space    used 1867K, capacity 1932K, committed 2048K, reserved 1048576K
}
Event: 8.625 GC heap before
{Heap before GC invocations=4 (full 0):
 PSYoungGen      total 9728K, used 9709K [0x00000000f5580000, 0x00000000f6000000, 0x0000000100000000)
  eden space 8704K, 100% used [0x00000000f5580000,0x00000000f5e00000,0x00000000f5e00000)
  from space 1024K, 98% used [0x00000000f5e00000,0x00000000f5efb720,0x00000000f5f00000)
  to   space 1024K, 0% used [0x00000000f5f00000,0x00000000f5f00000,0x00000000f6000000)
 ParOldGen       total 22016K, used 3779K [0x00000000e0000000, 0x00000000e1580000, 0x00000000f5580000)
  object space 22016K, 17% used [0x00000000e0000000,0x00000000e03b0f00,0x00000000e1580000)
 Metaspace       used 14312K, capacity 14556K, committed 14848K, reserved 1062912K
  class space    used 1867K, capacity 1932K, committed 2048K, reserved 1048576K
Event: 8.629 GC heap after
Heap after GC invocations=4 (full 0):
 PSYoungGen      total 9728K, used 1005K [0x00000000f5580000, 0x00000000f6000000, 0x0000000100000000)
  eden space 8704K, 0% used [0x00000000f5580000,0x00000000f5580000,0x00000000f5e00000)
  from space 1024K, 98% used [0x00000000f5f00000,0x00000000f5ffb720,0x00000000f6000000)
  to   space 1024K, 0% used [0x00000000f5e00000,0x00000000f5e00000,0x00000000f5f00000)
 ParOldGen       total 22016K, used 3779K [0x00000000e0000000, 0x00000000e1580000, 0x00000000f5580000)
  object space 22016K, 17% used [0x00000000e0000000,0x00000000e03b0f00,0x00000000e1580000)
 Metaspace       used 14312K, capacity 14556K, committed 14848K, reserved 1062912K
  class space    used 1867K, capacity 1932K, committed 2048K, reserved 1048576K
}
Event: 9.111 GC heap before
{Heap before GC invocations=5 (full 0):
 PSYoungGen      total 9728K, used 9709K [0x00000000f5580000, 0x00000000f6000000, 0x0000000100000000)
  eden space 8704K, 100% used [0x00000000f5580000,0x00000000f5e00000,0x00000000f5e00000)
  from space 1024K, 98% used [0x00000000f5f00000,0x00000000f5ffb720,0x00000000f6000000)
  to   space 1024K, 0% used [0x00000000f5e00000,0x00000000f5e00000,0x00000000f5f00000)
 ParOldGen       total 22016K, used 3779K [0x00000000e0000000, 0x00000000e1580000, 0x00000000f5580000)
  object space 22016K, 17% used [0x00000000e0000000,0x00000000e03b0f00,0x00000000e1580000)
 Metaspace       used 14320K, capacity 14556K, committed 14848K, reserved 1062912K
  class space    used 1867K, capacity 1932K, committed 2048K, reserved 1048576K
Event: 9.115 GC heap after
Heap after GC invocations=5 (full 0):
 PSYoungGen      total 9728K, used 973K [0x00000000f5580000, 0x00000000f6600000, 0x0000000100000000)
  eden space 8704K, 0% used [0x00000000f5580000,0x00000000f5580000,0x00000000f5e00000)
  from space 1024K, 95% used [0x00000000f5e00000,0x00000000f5ef3720,0x00000000f5f00000)
  to   space 4096K, 0% used [0x00000000f6200000,0x00000000f6200000,0x00000000f6600000)
 ParOldGen       total 22016K, used 3787K [0x00000000e0000000, 0x00000000e1580000, 0x00000000f5580000)
  object space 22016K, 17% used [0x00000000e0000000,0x00000000e03b2f00,0x00000000e1580000)
 Metaspace       used 14320K, capacity 14556K, committed 14848K, reserved 1062912K
  class space    used 1867K, capacity 1932K, committed 2048K, reserved 1048576K
}
Event: 9.178 GC heap before
{Heap before GC invocations=6 (full 0):
 PSYoungGen      total 9728K, used 9677K [0x00000000f5580000, 0x00000000f6600000, 0x0000000100000000)
  eden space 8704K, 100% used [0x00000000f5580000,0x00000000f5e00000,0x00000000f5e00000)
  from space 1024K, 95% used [0x00000000f5e00000,0x00000000f5ef3720,0x00000000f5f00000)
  to   space 4096K, 0% used [0x00000000f6200000,0x00000000f6200000,0x00000000f6600000)
 ParOldGen       total 22016K, used 3787K [0x00000000e0000000, 0x00000000e1580000, 0x00000000f5580000)
  object space 22016K, 17% used [0x00000000e0000000,0x00000000e03b2f00,0x00000000e1580000)
 Metaspace       used 14320K, capacity 14556K, committed 14848K, reserved 1062912K
  class space    used 1867K, capacity 1932K, committed 2048K, reserved 1048576K
Event: 9.181 GC heap after
Heap after GC invocations=6 (full 0):
 PSYoungGen      total 12800K, used 973K [0x00000000f5580000, 0x00000000f6e80000, 0x0000000100000000)
  eden space 8704K, 0% used [0x00000000f5580000,0x00000000f5580000,0x00000000f5e00000)
  from space 4096K, 23% used [0x00000000f6200000,0x00000000f62f3720,0x00000000f6600000)
  to   space 4096K, 0% used [0x00000000f5e00000,0x00000000f5e00000,0x00000000f6200000)
 ParOldGen       total 22016K, used 3787K [0x00000000e0000000, 0x00000000e1580000, 0x00000000f5580000)
  object space 22016K, 17% used [0x00000000e0000000,0x00000000e03b2f00,0x00000000e1580000)
 Metaspace       used 14320K, capacity 14556K, committed 14848K, reserved 1062912K
  class space    used 1867K, capacity 1932K, committed 2048K, reserved 1048576K
}

Deoptimization events (6 events):
Event: 2.814 Thread 0x0000000055407800 Uncommon trap: reason=class_check action=maybe_recompile pc=0x0000000002a320cc method=java.lang.String.equals(Ljava/lang/Object;)Z @ 8
Event: 2.820 Thread 0x0000000055407800 Uncommon trap: reason=class_check action=maybe_recompile pc=0x0000000002a320cc method=java.lang.String.equals(Ljava/lang/Object;)Z @ 8
Event: 2.820 Thread 0x0000000055407800 Uncommon trap: reason=class_check action=maybe_recompile pc=0x0000000002a320cc method=java.lang.String.equals(Ljava/lang/Object;)Z @ 8
Event: 2.821 Thread 0x0000000055407800 Uncommon trap: reason=class_check action=maybe_recompile pc=0x0000000002a320cc method=java.lang.String.equals(Ljava/lang/Object;)Z @ 8
Event: 7.463 Thread 0x0000000055407800 Uncommon trap: reason=unstable_if action=reinterpret pc=0x0000000002be0ab4 method=src.myImgProc.Translate(II)Lorg/opencv/core/Mat; @ 58
Event: 7.533 Thread 0x0000000055407800 Uncommon trap: reason=unstable_if action=reinterpret pc=0x0000000002be3c5c method=src.myImgProc.Translate(II)Lorg/opencv/core/Mat; @ 121

Internal exceptions (10 events):
Event: 0.069 Thread 0x000000000232d800 Exception <a 'java/lang/NoSuchMethodError': Method sun.misc.Unsafe.prefetchRead(Ljava/lang/Object;J)V name or signature does not match> (0x00000000f5587f60) thrown at [C:\re\workspace\8-2-build-windows-amd64-cygwin\jdk8u111\7883\hotspot\src\share\vm\prims
Event: 0.144 Thread 0x000000000232d800 Exception <a 'java/io/FileNotFoundException'> (0x00000000f55d85b0) thrown at [C:\re\workspace\8-2-build-windows-amd64-cygwin\jdk8u111\7883\hotspot\src\share\vm\prims\jni.cpp, line 709]
Event: 0.206 Thread 0x000000000232d800 Exception <a 'java/security/PrivilegedActionException'> (0x00000000f563cee8) thrown at [C:\re\workspace\8-2-build-windows-amd64-cygwin\jdk8u111\7883\hotspot\src\share\vm\prims\jvm.cpp, line 1386]
Event: 0.206 Thread 0x000000000232d800 Exception <a 'java/security/PrivilegedActionException'> (0x00000000f563d0f8) thrown at [C:\re\workspace\8-2-build-windows-amd64-cygwin\jdk8u111\7883\hotspot\src\share\vm\prims\jvm.cpp, line 1386]
Event: 0.207 Thread 0x000000000232d800 Exception <a 'java/security/PrivilegedActionException'> (0x00000000f5640fe0) thrown at [C:\re\workspace\8-2-build-windows-amd64-cygwin\jdk8u111\7883\hotspot\src\share\vm\prims\jvm.cpp, line 1386]
Event: 0.207 Thread 0x000000000232d800 Exception <a 'java/security/PrivilegedActionException'> (0x00000000f56411f0) thrown at [C:\re\workspace\8-2-build-windows-amd64-cygwin\jdk8u111\7883\hotspot\src\share\vm\prims\jvm.cpp, line 1386]
Event: 0.216 Thread 0x000000000232d800 Exception <a 'java/io/FileNotFoundException'> (0x00000000f5646f08) thrown at [C:\re\workspace\8-2-build-windows-amd64-cygwin\jdk8u111\7883\hotspot\src\share\vm\prims\jni.cpp, line 709]
Event: 0.297 Thread 0x000000000232d800 Exception <a 'java/lang/NoSuchFieldError': method resolution failed> (0x00000000f57150b8) thrown at [C:\re\workspace\8-2-build-windows-amd64-cygwin\jdk8u111\7883\hotspot\src\share\vm\prims\methodHandles.cpp, line 1146]
Event: 0.300 Thread 0x000000000232d800 Exception <a 'java/lang/NoSuchFieldError': method resolution failed> (0x00000000f5722488) thrown at [C:\re\workspace\8-2-build-windows-amd64-cygwin\jdk8u111\7883\hotspot\src\share\vm\prims\methodHandles.cpp, line 1146]
Event: 0.409 Thread 0x0000000055407800 Exception <a 'java/io/FileNotFoundException'> (0x00000000f57f4b50) thrown at [C:\re\workspace\8-2-build-windows-amd64-cygwin\jdk8u111\7883\hotspot\src\share\vm\prims\jni.cpp, line 709]

Events (10 events):
Event: 8.629 Executing VM operation: RevokeBias
Event: 8.629 Executing VM operation: RevokeBias done
Event: 8.929 Thread 0x000000005604c000 Thread exited: 0x000000005604c000
Event: 9.111 Executing VM operation: ParallelGCFailedAllocation
Event: 9.115 Executing VM operation: ParallelGCFailedAllocation done
Event: 9.115 Executing VM operation: RevokeBias
Event: 9.115 Executing VM operation: RevokeBias done
Event: 9.178 Executing VM operation: ParallelGCFailedAllocation
Event: 9.181 Executing VM operation: ParallelGCFailedAllocation done
Event: 9.344 Executing VM operation: ParallelGCFailedAllocation


Dynamic libraries:
0x000000013fac0000 - 0x000000013faf7000 	C:\Program Files\Java\jdk1.8.0_111\bin\java.exe
0x0000000076fc0000 - 0x000000007715f000 	C:\Windows\SYSTEM32\ntdll.dll
0x0000000076ea0000 - 0x0000000076fbf000 	C:\Windows\system32\kernel32.dll
0x000007fefcd60000 - 0x000007fefcdca000 	C:\Windows\system32\KERNELBASE.dll
0x000007fefd160000 - 0x000007fefd23b000 	C:\Windows\system32\ADVAPI32.dll
0x000007fefe3b0000 - 0x000007fefe44f000 	C:\Windows\system32\msvcrt.dll
0x000007fefd3c0000 - 0x000007fefd3df000 	C:\Windows\SYSTEM32\sechost.dll
0x000007fefec40000 - 0x000007fefed6d000 	C:\Windows\system32\RPCRT4.dll
0x0000000076da0000 - 0x0000000076e9a000 	C:\Windows\system32\USER32.dll
0x000007fefd3e0000 - 0x000007fefd447000 	C:\Windows\system32\GDI32.dll
0x000007fefd2e0000 - 0x000007fefd2ee000 	C:\Windows\system32\LPK.dll
0x000007fefd2f0000 - 0x000007fefd3bb000 	C:\Windows\system32\USP10.dll
0x000007fefb3b0000 - 0x000007fefb5a4000 	C:\Windows\WinSxS\amd64_microsoft.windows.common-controls_6595b64144ccf1df_6.0.7601.23403_none_e36ad4593102f066\COMCTL32.dll
0x000007feff150000 - 0x000007feff1c1000 	C:\Windows\system32\SHLWAPI.dll
0x000007fefe450000 - 0x000007fefe47e000 	C:\Windows\system32\IMM32.DLL
0x000007fefd050000 - 0x000007fefd159000 	C:\Windows\system32\MSCTF.dll
0x000000005e670000 - 0x000000005e742000 	C:\Program Files\Java\jdk1.8.0_111\jre\bin\msvcr100.dll
0x000000005da90000 - 0x000000005e32a000 	C:\Program Files\Java\jdk1.8.0_111\jre\bin\server\jvm.dll
0x000007fef8eb0000 - 0x000007fef8eb9000 	C:\Windows\system32\WSOCK32.dll
0x000007fefe360000 - 0x000007fefe3ad000 	C:\Windows\system32\WS2_32.dll
0x000007fefe480000 - 0x000007fefe488000 	C:\Windows\system32\NSI.dll
0x000007fef7a90000 - 0x000007fef7acb000 	C:\Windows\system32\WINMM.dll
0x000007fefbd70000 - 0x000007fefbd7c000 	C:\Windows\system32\VERSION.dll
0x0000000077160000 - 0x0000000077167000 	C:\Windows\system32\PSAPI.DLL
0x0000000066a20000 - 0x0000000066a2f000 	C:\Program Files\Java\jdk1.8.0_111\jre\bin\verify.dll
0x000000005f660000 - 0x000000005f689000 	C:\Program Files\Java\jdk1.8.0_111\jre\bin\java.dll
0x000000005f570000 - 0x000000005f586000 	C:\Program Files\Java\jdk1.8.0_111\jre\bin\zip.dll
0x000007fefd450000 - 0x000007fefe1db000 	C:\Windows\system32\SHELL32.dll
0x000007fefed70000 - 0x000007fefef6d000 	C:\Windows\system32\ole32.dll
0x000007fefcc90000 - 0x000007fefcc9f000 	C:\Windows\system32\profapi.dll
0x000000005e4d0000 - 0x000000005e668000 	C:\Program Files\Java\jdk1.8.0_111\jre\bin\awt.dll
0x000007feff1d0000 - 0x000007feff2aa000 	C:\Windows\system32\OLEAUT32.dll
0x000007fefcaf0000 - 0x000007fefcaff000 	C:\Windows\system32\CRYPTBASE.dll
0x000007fefae10000 - 0x000007fefae28000 	C:\Windows\system32\DWMAPI.DLL
0x00000000693a0000 - 0x00000000693e7000 	C:\Program Files\Java\jdk1.8.0_111\jre\bin\fontmanager.dll
0x000000005f550000 - 0x000000005f56a000 	C:\Program Files\Java\jdk1.8.0_111\jre\bin\net.dll
0x000007fefc420000 - 0x000007fefc475000 	C:\Windows\system32\mswsock.dll
0x000007fefc410000 - 0x000007fefc417000 	C:\Windows\System32\wship6.dll
0x000000005f530000 - 0x000000005f541000 	C:\Program Files\Java\jdk1.8.0_111\jre\bin\nio.dll
0x0000000069350000 - 0x0000000069392000 	C:\Program Files\Java\jdk1.8.0_111\jre\bin\t2k.dll
0x000007fee3a60000 - 0x000007fee6732000 	C:\opencv\build\java\x64\opencv_java341.dll
0x000007fef91c0000 - 0x000007fef91e9000 	C:\Windows\system32\MSVFW32.dll
0x000007fef9200000 - 0x000007fef921f000 	C:\Windows\system32\AVIFIL32.dll
0x000007fef0050000 - 0x000007fef0068000 	C:\Windows\system32\MSACM32.dll
0x000007fef9030000 - 0x000007fef9047000 	C:\Windows\system32\AVICAP32.dll
0x000007fef8130000 - 0x000007fef8133000 	C:\Windows\system32\api-ms-win-core-synch-l1-2-0.DLL
0x000007fef6d40000 - 0x000007fef6de0000 	C:\Windows\WinSxS\amd64_microsoft.windows.common-controls_6595b64144ccf1df_5.82.7601.18837_none_a4d981ff711297b6\comctl32.dll
0x000007fefef70000 - 0x000007feff147000 	C:\Windows\system32\SETUPAPI.dll
0x000007fefce40000 - 0x000007fefce76000 	C:\Windows\system32\CFGMGR32.dll
0x000007fefd010000 - 0x000007fefd02a000 	C:\Windows\system32\DEVOBJ.dll
0x000007fefd240000 - 0x000007fefd2d9000 	C:\Windows\system32\CLBCatQ.DLL
0x000007fefb250000 - 0x000007fefb37c000 	C:\Windows\system32\propsys.dll
0x000007fefb5c0000 - 0x000007fefb5ed000 	C:\Windows\system32\ntmarta.dll
0x000007fefe1e0000 - 0x000007fefe232000 	C:\Windows\system32\WLDAP32.dll
0x000007fefca90000 - 0x000007fefcae7000 	C:\Windows\system32\apphelp.dll
0x000007fef25c0000 - 0x000007fef275c000 	C:\Windows\system32\NetworkExplorer.dll
0x000007fef7610000 - 0x000007fef7644000 	C:\Windows\System32\shdocvw.dll
0x000007fefa880000 - 0x000007fefa88b000 	C:\Windows\system32\slc.dll
0x000007fef84c0000 - 0x000007fef84d8000 	C:\Windows\system32\MPR.dll
0x000007fefb390000 - 0x000007fefb39a000 	C:\Windows\System32\drprov.dll
0x000007fefcb00000 - 0x000007fefcb3d000 	C:\Windows\System32\WINSTA.dll
0x000007fef9250000 - 0x000007fef9272000 	C:\Windows\System32\ntlanman.dll
0x000007fef93e0000 - 0x000007fef93fe000 	C:\Windows\System32\davclnt.dll
0x000007fefb6c0000 - 0x000007fefb6ca000 	C:\Windows\System32\DAVHLPR.dll
0x000007fefa920000 - 0x000007fefa935000 	C:\Windows\system32\wkscli.dll
0x000007fef7860000 - 0x000007fef786f000 	C:\Windows\system32\cscapi.dll
0x000007fefa940000 - 0x000007fefa94c000 	C:\Windows\system32\netutils.dll
0x000007feef430000 - 0x000007feef6a1000 	C:\Windows\system32\wpdshext.dll
0x000007fefafd0000 - 0x000007fefb1e7000 	C:\Windows\WinSxS\amd64_microsoft.windows.gdiplus_6595b64144ccf1df_1.1.7601.23894_none_145eb2808b8d6928\gdiplus.dll
0x000007feef360000 - 0x000007feef41d000 	C:\Windows\system32\PortableDeviceApi.dll
0x000007fefcdd0000 - 0x000007fefce0b000 	C:\Windows\system32\WINTRUST.dll
0x000007fefcea0000 - 0x000007fefd00d000 	C:\Windows\system32\CRYPT32.dll
0x000007fefcca0000 - 0x000007fefccaf000 	C:\Windows\system32\MSASN1.dll
0x000007fef7900000 - 0x000007fef7935000 	C:\Windows\system32\EhStorShell.dll
0x000007fef9220000 - 0x000007fef9247000 	C:\Windows\system32\EhStorAPI.dll
0x000007fef70c0000 - 0x000007fef70cc000 	C:\Windows\system32\LINKINFO.dll
0x000007fefa390000 - 0x000007fefa4f1000 	C:\Windows\system32\WindowsCodecs.dll
0x000007fef79c0000 - 0x000007fef7a57000 	C:\Users\Rafael\AppData\Local\MEGAsync\ShellExtX64.dll
0x000007fef7940000 - 0x000007fef79bf000 	C:\Program Files (x86)\Common Files\Adobe\CoreSyncExtension\CoreSync_x64.dll
0x000007fef7880000 - 0x000007fef78fe000 	C:\Windows\System32\cscui.dll
0x000007fef7870000 - 0x000007fef787c000 	C:\Windows\System32\CSCDLL.dll
0x000007fef77e0000 - 0x000007fef7860000 	C:\Windows\system32\ntshrui.dll
0x000007fefc730000 - 0x000007fefc753000 	C:\Windows\system32\srvcli.dll
0x000007fefc480000 - 0x000007fefc498000 	C:\Windows\system32\CRYPTSP.dll
0x000007fefc180000 - 0x000007fefc1c7000 	C:\Windows\system32\rsaenh.dll
0x000007fefce10000 - 0x000007fefce2f000 	C:\Windows\system32\USERENV.dll
0x000007fefa830000 - 0x000007fefa857000 	C:\Windows\system32\IPHLPAPI.DLL
0x000007fefa810000 - 0x000007fefa81b000 	C:\Windows\system32\WINNSI.DLL
0x000007fefa620000 - 0x000007fefa638000 	C:\Windows\system32\dhcpcsvc.DLL
0x000007fefa600000 - 0x000007fefa611000 	C:\Windows\system32\dhcpcsvc6.DLL
0x000007fef6f70000 - 0x000007fef7095000 	C:\Windows\system32\dbghelp.dll

VM Arguments:
jvm_args: -Dfile.encoding=UTF-8 -Djava.library.path=C:\opencv\build\java\x64 -Xmx512m 
java_command: src.Home
java_class_path (initial): C:\opencv\build\java\opencv-341.jar;D:\MEGA\MEGAsync\Projetos\Projetos NetBeans\Trab04_OpenCV\build\classes
Launcher Type: SUN_STANDARD

Environment Variables:
PATH=C:\Program Files (x86)\Common Files\Intel\Shared Libraries\redist\intel64\compiler;C:\Program Files (x86)\Common Files\Intel\Shared Files\cpp\bin\Intel64;C:\ProgramData\Oracle\Java\javapath;C:\Windows\system32;C:\Windows;C:\Windows\System32\Wbem;C:\Windows\System32\WindowsPowerShell\v1.0\;C:\Program Files (x86)\GtkSharp\2.12\bin;C:\Program Files\dotnet\;C:\Program Files\Microsoft SQL Server\130\Tools\Binn\;C:\Program Files\MySQL\MySQL Utilities 1.6\
USERNAME=Rafael
OS=Windows_NT
PROCESSOR_IDENTIFIER=Intel64 Family 6 Model 58 Stepping 9, GenuineIntel



---------------  S Y S T E M  ---------------

OS: Windows 7 , 64 bit Build 7601 (6.1.7601.24059)

CPU:total 2 (2 cores per cpu, 1 threads per core) family 6 model 58 stepping 9, cmov, cx8, fxsr, mmx, sse, sse2, sse3, ssse3, sse4.1, sse4.2, popcnt, clmul, erms, tsc, tscinvbit, tscinv

Memory: 4k page, physical 1980340k(253284k free), swap 4887476k(1012304k free)

vm_info: Java HotSpot(TM) 64-Bit Server VM (25.111-b14) for windows-amd64 JRE (1.8.0_111-b14), built on Sep 22 2016 19:24:05 by "java_re" with MS VC++ 10.0 (VS2010)

time: Sat Apr 07 02:48:35 2018
elapsed time: 9 seconds (0d 0h 0m 9s)

