#
# A fatal error has been detected by the Java Runtime Environment:
#
#  EXCEPTION_ACCESS_VIOLATION (0xc0000005) at pc=0x0000000076fea05f, pid=3704, tid=0x0000000000000dec
#
# JRE version: Java(TM) SE Runtime Environment (8.0_111-b14) (build 1.8.0_111-b14)
# Java VM: Java HotSpot(TM) 64-Bit Server VM (25.111-b14 mixed mode windows-amd64 compressed oops)
# Problematic frame:
# C  [ntdll.dll+0x2a05f]
#
# Failed to write core dump. Minidumps are not enabled by default on client versions of Windows
#
# If you would like to submit a bug report, please visit:
#   http://bugreport.java.com/bugreport/crash.jsp
# The crash happened outside the Java Virtual Machine in native code.
# See problematic frame for where to report the bug.
#

---------------  T H R E A D  ---------------

Current thread (0x00000000539de000):  JavaThread "Finalizer" daemon [_thread_in_native, id=3564, stack(0x00000000548d0000,0x00000000549d0000)]

siginfo: ExceptionCode=0xc0000005, reading address 0xffffffffffffffff

Registers:
RAX=0x0000000000000000, RBX=0xb1b1b1b1b1b1b0a0, RCX=0x0000000000080000, RDX=0x0000000000000000
RSP=0x00000000549cf130, RBP=0xb1b1b1b1b1b1b0b0, RSI=0x0000000000000000, RDI=0x0000000000000000
R8 =0xb1b1b1b1b1b1b0b0, R9 =0x00000000f6600270, R10=0x00000000029f7968, R11=0x000000005dcbb580
R12=0x0000000000080000, R13=0x0000000056294fb8, R14=0x00000000549cf370, R15=0x00000000539de000
RIP=0x0000000076fea05f, EFLAGS=0x0000000000010246

Top of Stack: (sp=0x00000000549cf130)
0x00000000549cf130:   00000000539917b0 000000005dcad2e2
0x00000000549cf140:   00000000539de000 0000000000000000
0x00000000549cf150:   0000000000000000 0000000000000000
0x00000000549cf160:   0000000000000000 000000005dcaae97
0x00000000549cf170:   00000000539de000 000000005dcac7bd
0x00000000549cf180:   0000000000000000 0000000000000000
0x00000000549cf190:   00000000f6600270 00000000549cf348
0x00000000549cf1a0:   0000000057a35220 0000000076ec1a0a
0x00000000549cf1b0:   00000000e01b0338 000000005dcccb7c
0x00000000549cf1c0:   00000000549cf410 00000000539de000
0x00000000549cf1d0:   000000005399974a 000007fee10a0b38
0x00000000549cf1e0:   00000000e01b0338 000000005ded93dc
0x00000000549cf1f0:   00000000e01b0338 00000000549cf498
0x00000000549cf200:   0000000057a35220 000007fee06c7899
0x00000000549cf210:   0000000000000200 0000000000000000
0x00000000549cf220:   0000000053995f00 00000000539de000 

Instructions: (pc=0x0000000076fea05f)
0x0000000076fea03f:   00 00 0f ba 61 74 18 0f 82 c0 05 00 00 f6 41 78
0x0000000076fea04f:   01 75 60 41 f6 c0 0f 75 3f 49 8d 58 f0 0f 0d 0b
0x0000000076fea05f:   80 7b 0f 05 75 0b 0f b6 43 0e 48 c1 e0 04 48 2b
0x0000000076fea06f:   d8 f6 43 0f 3f 75 47 45 33 c9 48 8b d1 4c 8b c3 


Register to memory mapping:

RAX=0x0000000000000000 is an unknown value
RBX=0xb1b1b1b1b1b1b0a0 is an unknown value
RCX=0x0000000000080000 is an unknown value
RDX=0x0000000000000000 is an unknown value
RSP=0x00000000549cf130 is pointing into the stack for thread: 0x00000000539de000
RBP=0xb1b1b1b1b1b1b0b0 is an unknown value
RSI=0x0000000000000000 is an unknown value
RDI=0x0000000000000000 is an unknown value
R8 =0xb1b1b1b1b1b1b0b0 is an unknown value
R9 =0x00000000f6600270 is an oop
java.lang.ref.Finalizer 
 - klass: 'java/lang/ref/Finalizer'
R10=0x00000000029f7968 is at code_begin+840 in an Interpreter codelet
method entry point (kind = native)  [0x00000000029f7620, 0x00000000029f7f80]  2400 bytes
R11=0x000000005dcbb580 is an unknown value
R12=0x0000000000080000 is an unknown value
R13={method} {0x0000000056294fc0} 'n_delete' '(J)V' in 'org/opencv/core/Mat'
R14=0x00000000549cf370 is pointing into the stack for thread: 0x00000000539de000
R15=0x00000000539de000 is a thread


Stack: [0x00000000548d0000,0x00000000549d0000],  sp=0x00000000549cf130,  free space=1020k
Native frames: (J=compiled Java code, j=interpreted, Vv=VM code, C=native code)
C  [ntdll.dll+0x2a05f]
C  [kernel32.dll+0x21a0a]
C  [opencv_java341.dll+0x2010b38]
C  [opencv_java341.dll+0x1637899]
C  [opencv_java341.dll+0x15c2c47]
C  [opencv_java341.dll+0x15c5e45]
C  0x00000000029f7994

Java frames: (J=compiled Java code, j=interpreted, Vv=VM code)
j  org.opencv.core.Mat.n_delete(J)V+0
j  org.opencv.core.Mat.finalize()V+4
j  java.lang.System$2.invokeFinalize(Ljava/lang/Object;)V+1
j  java.lang.ref.Finalizer.runFinalizer(Lsun/misc/JavaLangAccess;)V+46
j  java.lang.ref.Finalizer.access$100(Ljava/lang/ref/Finalizer;Lsun/misc/JavaLangAccess;)V+2
j  java.lang.ref.Finalizer$FinalizerThread.run()V+45
v  ~StubRoutines::call_stub

---------------  P R O C E S S  ---------------

Java Threads: ( => current thread )
  0x0000000055b5e800 JavaThread "TimerQueue" daemon [_thread_blocked, id=5212, stack(0x0000000057ae0000,0x0000000057be0000)]
  0x0000000055b0a800 JavaThread "Swing-Shell" daemon [_thread_blocked, id=4988, stack(0x0000000057420000,0x0000000057520000)]
  0x00000000022cd800 JavaThread "DestroyJavaVM" [_thread_blocked, id=6224, stack(0x0000000002610000,0x0000000002710000)]
  0x00000000551d9800 JavaThread "AWT-EventQueue-0" [_thread_in_native, id=5236, stack(0x0000000055930000,0x0000000055a30000)]
  0x00000000551d6000 JavaThread "AWT-Windows" daemon [_thread_in_native, id=3376, stack(0x0000000055670000,0x0000000055770000)]
  0x00000000551d0000 JavaThread "AWT-Shutdown" [_thread_blocked, id=6216, stack(0x00000000557b0000,0x00000000558b0000)]
  0x00000000551c2000 JavaThread "Java2D Disposer" daemon [_thread_blocked, id=4244, stack(0x0000000055570000,0x0000000055670000)]
  0x0000000053a5d000 JavaThread "Service Thread" daemon [_thread_blocked, id=4636, stack(0x0000000055230000,0x0000000055330000)]
  0x00000000539fc800 JavaThread "C1 CompilerThread1" daemon [_thread_blocked, id=4480, stack(0x0000000054d10000,0x0000000054e10000)]
  0x00000000539fa800 JavaThread "C2 CompilerThread0" daemon [_thread_blocked, id=6588, stack(0x0000000054be0000,0x0000000054ce0000)]
  0x00000000539f6800 JavaThread "Attach Listener" daemon [_thread_blocked, id=3680, stack(0x00000000549d0000,0x0000000054ad0000)]
  0x00000000539f5000 JavaThread "Signal Dispatcher" daemon [_thread_blocked, id=5428, stack(0x00000000547b0000,0x00000000548b0000)]
=>0x00000000539de000 JavaThread "Finalizer" daemon [_thread_in_native, id=3564, stack(0x00000000548d0000,0x00000000549d0000)]
  0x0000000053994800 JavaThread "Reference Handler" daemon [_thread_blocked, id=6560, stack(0x0000000054620000,0x0000000054720000)]

Other Threads:
  0x000000005398c800 VMThread [stack: 0x00000000543f0000,0x00000000544f0000] [id=5380]
  0x0000000053a5f000 WatcherThread [stack: 0x00000000553f0000,0x00000000554f0000] [id=3196]

VM state:not at safepoint (normal execution)

VM Mutex/Monitor currently owned by a thread: None

Heap:
 PSYoungGen      total 16896K, used 6277K [0x00000000f5580000, 0x00000000f6780000, 0x0000000100000000)
  eden space 15360K, 37% used [0x00000000f5580000,0x00000000f5b2e098,0x00000000f6480000)
  from space 1536K, 30% used [0x00000000f6600000,0x00000000f6673720,0x00000000f6780000)
  to   space 1536K, 0% used [0x00000000f6480000,0x00000000f6480000,0x00000000f6600000)
 ParOldGen       total 22016K, used 4826K [0x00000000e0000000, 0x00000000e1580000, 0x00000000f5580000)
  object space 22016K, 21% used [0x00000000e0000000,0x00000000e04b6918,0x00000000e1580000)
 Metaspace       used 14555K, capacity 14780K, committed 15104K, reserved 1062912K
  class space    used 1877K, capacity 1964K, committed 2048K, reserved 1048576K

Card table byte_map: [0x00000000022d0000,0x00000000023e0000] byte_map_base: 0x0000000001bd0000

Marking Bits: (ParMarkBitMap*) 0x000000005e2aa6c0
 Begin Bits: [0x0000000012060000, 0x0000000012860000)
 End Bits:   [0x0000000012860000, 0x0000000013060000)

Polling page: 0x0000000000430000

CodeCache: size=245760Kb used=4074Kb max_used=4088Kb free=241685Kb
 bounds [0x00000000029e0000, 0x0000000002df0000, 0x00000000119e0000]
 total_blobs=1853 nmethods=1273 adapters=493
 compilation: enabled

Compilation events (10 events):
Event: 21.459 Thread 0x00000000539fc800 1329       3       java.io.RandomAccessFile::read (5 bytes)
Event: 21.459 Thread 0x00000000539fc800 nmethod 1329 0x0000000002d8b8d0 code [0x0000000002d8ba40, 0x0000000002d8bbc8]
Event: 21.460 Thread 0x00000000539fc800 1331       3       java.awt.image.ComponentSampleModel::getBufferSize (191 bytes)
Event: 21.462 Thread 0x00000000539fc800 nmethod 1331 0x0000000002d8aa50 code [0x0000000002d8ac60, 0x0000000002d8b528]
Event: 21.470 Thread 0x00000000539fc800 1332       3       javax.swing.JComponent$IntVector::elementAt (7 bytes)
Event: 21.471 Thread 0x00000000539fc800 nmethod 1332 0x0000000002d8a690 code [0x0000000002d8a7e0, 0x0000000002d8a950]
Event: 21.471 Thread 0x00000000539fa800 1333       4       sun.awt.SunToolkit::isInstanceOf (71 bytes)
Event: 21.500 Thread 0x00000000539fa800 nmethod 1333 0x0000000002ddfe10 code [0x0000000002de0020, 0x0000000002de0e20]
Event: 21.649 Thread 0x00000000539fc800 1334       3       java.awt.image.ComponentSampleModel::getSampleSize (8 bytes)
Event: 21.650 Thread 0x00000000539fc800 nmethod 1334 0x0000000002d8a310 code [0x0000000002d8a480, 0x0000000002d8a608]

GC Heap History (10 events):
Event: 20.670 GC heap before
{Heap before GC invocations=42 (full 0):
 PSYoungGen      total 16896K, used 15789K [0x00000000f5580000, 0x00000000f6780000, 0x0000000100000000)
  eden space 15360K, 100% used [0x00000000f5580000,0x00000000f6480000,0x00000000f6480000)
  from space 1536K, 27% used [0x00000000f6480000,0x00000000f64eb720,0x00000000f6600000)
  to   space 1536K, 0% used [0x00000000f6600000,0x00000000f6600000,0x00000000f6780000)
 ParOldGen       total 22016K, used 4778K [0x00000000e0000000, 0x00000000e1580000, 0x00000000f5580000)
  object space 22016K, 21% used [0x00000000e0000000,0x00000000e04aa918,0x00000000e1580000)
 Metaspace       used 14548K, capacity 14780K, committed 15104K, reserved 1062912K
  class space    used 1877K, capacity 1964K, committed 2048K, reserved 1048576K
Event: 20.671 GC heap after
Heap after GC invocations=42 (full 0):
 PSYoungGen      total 16896K, used 461K [0x00000000f5580000, 0x00000000f6780000, 0x0000000100000000)
  eden space 15360K, 0% used [0x00000000f5580000,0x00000000f5580000,0x00000000f6480000)
  from space 1536K, 30% used [0x00000000f6600000,0x00000000f6673720,0x00000000f6780000)
  to   space 1536K, 0% used [0x00000000f6480000,0x00000000f6480000,0x00000000f6600000)
 ParOldGen       total 22016K, used 4786K [0x00000000e0000000, 0x00000000e1580000, 0x00000000f5580000)
  object space 22016K, 21% used [0x00000000e0000000,0x00000000e04ac918,0x00000000e1580000)
 Metaspace       used 14548K, capacity 14780K, committed 15104K, reserved 1062912K
  class space    used 1877K, capacity 1964K, committed 2048K, reserved 1048576K
}
Event: 20.891 GC heap before
{Heap before GC invocations=43 (full 0):
 PSYoungGen      total 16896K, used 15821K [0x00000000f5580000, 0x00000000f6780000, 0x0000000100000000)
  eden space 15360K, 100% used [0x00000000f5580000,0x00000000f6480000,0x00000000f6480000)
  from space 1536K, 30% used [0x00000000f6600000,0x00000000f6673720,0x00000000f6780000)
  to   space 1536K, 0% used [0x00000000f6480000,0x00000000f6480000,0x00000000f6600000)
 ParOldGen       total 22016K, used 4786K [0x00000000e0000000, 0x00000000e1580000, 0x00000000f5580000)
  object space 22016K, 21% used [0x00000000e0000000,0x00000000e04ac918,0x00000000e1580000)
 Metaspace       used 14549K, capacity 14780K, committed 15104K, reserved 1062912K
  class space    used 1877K, capacity 1964K, committed 2048K, reserved 1048576K
Event: 20.892 GC heap after
Heap after GC invocations=43 (full 0):
 PSYoungGen      total 16896K, used 429K [0x00000000f5580000, 0x00000000f6780000, 0x0000000100000000)
  eden space 15360K, 0% used [0x00000000f5580000,0x00000000f5580000,0x00000000f6480000)
  from space 1536K, 27% used [0x00000000f6480000,0x00000000f64eb720,0x00000000f6600000)
  to   space 1536K, 0% used [0x00000000f6600000,0x00000000f6600000,0x00000000f6780000)
 ParOldGen       total 22016K, used 4794K [0x00000000e0000000, 0x00000000e1580000, 0x00000000f5580000)
  object space 22016K, 21% used [0x00000000e0000000,0x00000000e04ae918,0x00000000e1580000)
 Metaspace       used 14549K, capacity 14780K, committed 15104K, reserved 1062912K
  class space    used 1877K, capacity 1964K, committed 2048K, reserved 1048576K
}
Event: 21.068 GC heap before
{Heap before GC invocations=44 (full 0):
 PSYoungGen      total 16896K, used 15789K [0x00000000f5580000, 0x00000000f6780000, 0x0000000100000000)
  eden space 15360K, 100% used [0x00000000f5580000,0x00000000f6480000,0x00000000f6480000)
  from space 1536K, 27% used [0x00000000f6480000,0x00000000f64eb720,0x00000000f6600000)
  to   space 1536K, 0% used [0x00000000f6600000,0x00000000f6600000,0x00000000f6780000)
 ParOldGen       total 22016K, used 4794K [0x00000000e0000000, 0x00000000e1580000, 0x00000000f5580000)
  object space 22016K, 21% used [0x00000000e0000000,0x00000000e04ae918,0x00000000e1580000)
 Metaspace       used 14552K, capacity 14780K, committed 15104K, reserved 1062912K
  class space    used 1877K, capacity 1964K, committed 2048K, reserved 1048576K
Event: 21.070 GC heap after
Heap after GC invocations=44 (full 0):
 PSYoungGen      total 16896K, used 429K [0x00000000f5580000, 0x00000000f6780000, 0x0000000100000000)
  eden space 15360K, 0% used [0x00000000f5580000,0x00000000f5580000,0x00000000f6480000)
  from space 1536K, 27% used [0x00000000f6600000,0x00000000f666b720,0x00000000f6780000)
  to   space 1536K, 0% used [0x00000000f6480000,0x00000000f6480000,0x00000000f6600000)
 ParOldGen       total 22016K, used 4802K [0x00000000e0000000, 0x00000000e1580000, 0x00000000f5580000)
  object space 22016K, 21% used [0x00000000e0000000,0x00000000e04b0918,0x00000000e1580000)
 Metaspace       used 14552K, capacity 14780K, committed 15104K, reserved 1062912K
  class space    used 1877K, capacity 1964K, committed 2048K, reserved 1048576K
}
Event: 21.460 GC heap before
{Heap before GC invocations=45 (full 0):
 PSYoungGen      total 16896K, used 15789K [0x00000000f5580000, 0x00000000f6780000, 0x0000000100000000)
  eden space 15360K, 100% used [0x00000000f5580000,0x00000000f6480000,0x00000000f6480000)
  from space 1536K, 27% used [0x00000000f6600000,0x00000000f666b720,0x00000000f6780000)
  to   space 1536K, 0% used [0x00000000f6480000,0x00000000f6480000,0x00000000f6600000)
 ParOldGen       total 22016K, used 4802K [0x00000000e0000000, 0x00000000e1580000, 0x00000000f5580000)
  object space 22016K, 21% used [0x00000000e0000000,0x00000000e04b0918,0x00000000e1580000)
 Metaspace       used 14554K, capacity 14780K, committed 15104K, reserved 1062912K
  class space    used 1877K, capacity 1964K, committed 2048K, reserved 1048576K
Event: 21.461 GC heap after
Heap after GC invocations=45 (full 0):
 PSYoungGen      total 16896K, used 869K [0x00000000f5580000, 0x00000000f6780000, 0x0000000100000000)
  eden space 15360K, 0% used [0x00000000f5580000,0x00000000f5580000,0x00000000f6480000)
  from space 1536K, 56% used [0x00000000f6480000,0x00000000f65594e8,0x00000000f6600000)
  to   space 1536K, 0% used [0x00000000f6600000,0x00000000f6600000,0x00000000f6780000)
 ParOldGen       total 22016K, used 4818K [0x00000000e0000000, 0x00000000e1580000, 0x00000000f5580000)
  object space 22016K, 21% used [0x00000000e0000000,0x00000000e04b4918,0x00000000e1580000)
 Metaspace       used 14554K, capacity 14780K, committed 15104K, reserved 1062912K
  class space    used 1877K, capacity 1964K, committed 2048K, reserved 1048576K
}
Event: 21.772 GC heap before
{Heap before GC invocations=46 (full 0):
 PSYoungGen      total 16896K, used 16229K [0x00000000f5580000, 0x00000000f6780000, 0x0000000100000000)
  eden space 15360K, 100% used [0x00000000f5580000,0x00000000f6480000,0x00000000f6480000)
  from space 1536K, 56% used [0x00000000f6480000,0x00000000f65594e8,0x00000000f6600000)
  to   space 1536K, 0% used [0x00000000f6600000,0x00000000f6600000,0x00000000f6780000)
 ParOldGen       total 22016K, used 4818K [0x00000000e0000000, 0x00000000e1580000, 0x00000000f5580000)
  object space 22016K, 21% used [0x00000000e0000000,0x00000000e04b4918,0x00000000e1580000)
 Metaspace       used 14555K, capacity 14780K, committed 15104K, reserved 1062912K
  class space    used 1877K, capacity 1964K, committed 2048K, reserved 1048576K
Event: 21.773 GC heap after
Heap after GC invocations=46 (full 0):
 PSYoungGen      total 16896K, used 461K [0x00000000f5580000, 0x00000000f6780000, 0x0000000100000000)
  eden space 15360K, 0% used [0x00000000f5580000,0x00000000f5580000,0x00000000f6480000)
  from space 1536K, 30% used [0x00000000f6600000,0x00000000f6673720,0x00000000f6780000)
  to   space 1536K, 0% used [0x00000000f6480000,0x00000000f6480000,0x00000000f6600000)
 ParOldGen       total 22016K, used 4826K [0x00000000e0000000, 0x00000000e1580000, 0x00000000f5580000)
  object space 22016K, 21% used [0x00000000e0000000,0x00000000e04b6918,0x00000000e1580000)
 Metaspace       used 14555K, capacity 14780K, committed 15104K, reserved 1062912K
  class space    used 1877K, capacity 1964K, committed 2048K, reserved 1048576K
}

Deoptimization events (7 events):
Event: 2.255 Thread 0x00000000551d9800 Uncommon trap: reason=class_check action=maybe_recompile pc=0x0000000002b57dcc method=java.lang.String.equals(Ljava/lang/Object;)Z @ 8
Event: 2.258 Thread 0x00000000551d9800 Uncommon trap: reason=class_check action=maybe_recompile pc=0x0000000002b57dcc method=java.lang.String.equals(Ljava/lang/Object;)Z @ 8
Event: 2.259 Thread 0x00000000551d9800 Uncommon trap: reason=class_check action=maybe_recompile pc=0x0000000002b57dcc method=java.lang.String.equals(Ljava/lang/Object;)Z @ 8
Event: 2.260 Thread 0x00000000551d9800 Uncommon trap: reason=class_check action=maybe_recompile pc=0x0000000002b57dcc method=java.lang.String.equals(Ljava/lang/Object;)Z @ 8
Event: 8.492 Thread 0x00000000551d9800 Uncommon trap: reason=unstable_if action=reinterpret pc=0x0000000002d486f4 method=src.myImgProc.Translate(I)Lorg/opencv/core/Mat; @ 99
Event: 8.564 Thread 0x00000000551d9800 Uncommon trap: reason=unstable_if action=reinterpret pc=0x0000000002d49858 method=src.myImgProc.Translate(I)Lorg/opencv/core/Mat; @ 159
Event: 10.917 Thread 0x00000000551d9800 Uncommon trap: reason=unstable_if action=reinterpret pc=0x0000000002d72064 method=src.myImgProc.Translate(I)Lorg/opencv/core/Mat; @ 181

Internal exceptions (10 events):
Event: 0.080 Thread 0x00000000022cd800 Exception <a 'java/lang/NoSuchMethodError': Method sun.misc.Unsafe.prefetchRead(Ljava/lang/Object;J)V name or signature does not match> (0x00000000f5587f60) thrown at [C:\re\workspace\8-2-build-windows-amd64-cygwin\jdk8u111\7883\hotspot\src\share\vm\prims
Event: 0.161 Thread 0x00000000022cd800 Exception <a 'java/io/FileNotFoundException'> (0x00000000f55d85b0) thrown at [C:\re\workspace\8-2-build-windows-amd64-cygwin\jdk8u111\7883\hotspot\src\share\vm\prims\jni.cpp, line 709]
Event: 0.219 Thread 0x00000000022cd800 Exception <a 'java/security/PrivilegedActionException'> (0x00000000f563ced0) thrown at [C:\re\workspace\8-2-build-windows-amd64-cygwin\jdk8u111\7883\hotspot\src\share\vm\prims\jvm.cpp, line 1386]
Event: 0.219 Thread 0x00000000022cd800 Exception <a 'java/security/PrivilegedActionException'> (0x00000000f563d0e0) thrown at [C:\re\workspace\8-2-build-windows-amd64-cygwin\jdk8u111\7883\hotspot\src\share\vm\prims\jvm.cpp, line 1386]
Event: 0.221 Thread 0x00000000022cd800 Exception <a 'java/security/PrivilegedActionException'> (0x00000000f5640fc8) thrown at [C:\re\workspace\8-2-build-windows-amd64-cygwin\jdk8u111\7883\hotspot\src\share\vm\prims\jvm.cpp, line 1386]
Event: 0.221 Thread 0x00000000022cd800 Exception <a 'java/security/PrivilegedActionException'> (0x00000000f56411d8) thrown at [C:\re\workspace\8-2-build-windows-amd64-cygwin\jdk8u111\7883\hotspot\src\share\vm\prims\jvm.cpp, line 1386]
Event: 0.229 Thread 0x00000000022cd800 Exception <a 'java/io/FileNotFoundException'> (0x00000000f5646ef0) thrown at [C:\re\workspace\8-2-build-windows-amd64-cygwin\jdk8u111\7883\hotspot\src\share\vm\prims\jni.cpp, line 709]
Event: 0.306 Thread 0x00000000022cd800 Exception <a 'java/lang/NoSuchFieldError': method resolution failed> (0x00000000f57150a0) thrown at [C:\re\workspace\8-2-build-windows-amd64-cygwin\jdk8u111\7883\hotspot\src\share\vm\prims\methodHandles.cpp, line 1146]
Event: 0.322 Thread 0x00000000022cd800 Exception <a 'java/lang/NoSuchFieldError': method resolution failed> (0x00000000f5722470) thrown at [C:\re\workspace\8-2-build-windows-amd64-cygwin\jdk8u111\7883\hotspot\src\share\vm\prims\methodHandles.cpp, line 1146]
Event: 0.446 Thread 0x00000000551d9800 Exception <a 'java/io/FileNotFoundException'> (0x00000000f58200f0) thrown at [C:\re\workspace\8-2-build-windows-amd64-cygwin\jdk8u111\7883\hotspot\src\share\vm\prims\jni.cpp, line 709]

Events (10 events):
Event: 20.670 Executing VM operation: ParallelGCFailedAllocation
Event: 20.671 Executing VM operation: ParallelGCFailedAllocation done
Event: 20.891 Executing VM operation: ParallelGCFailedAllocation
Event: 20.892 Executing VM operation: ParallelGCFailedAllocation done
Event: 21.068 Executing VM operation: ParallelGCFailedAllocation
Event: 21.070 Executing VM operation: ParallelGCFailedAllocation done
Event: 21.460 Executing VM operation: ParallelGCFailedAllocation
Event: 21.461 Executing VM operation: ParallelGCFailedAllocation done
Event: 21.772 Executing VM operation: ParallelGCFailedAllocation
Event: 21.773 Executing VM operation: ParallelGCFailedAllocation done


Dynamic libraries:
0x000000013fb50000 - 0x000000013fb87000 	C:\Program Files\Java\jdk1.8.0_111\bin\java.exe
0x0000000076fc0000 - 0x000000007715f000 	C:\Windows\SYSTEM32\ntdll.dll
0x0000000076ea0000 - 0x0000000076fbf000 	C:\Windows\system32\kernel32.dll
0x000007fefcd60000 - 0x000007fefcdca000 	C:\Windows\system32\KERNELBASE.dll
0x000007fefd160000 - 0x000007fefd23b000 	C:\Windows\system32\ADVAPI32.dll
0x000007fefe3b0000 - 0x000007fefe44f000 	C:\Windows\system32\msvcrt.dll
0x000007fefd3c0000 - 0x000007fefd3df000 	C:\Windows\SYSTEM32\sechost.dll
0x000007fefec40000 - 0x000007fefed6d000 	C:\Windows\system32\RPCRT4.dll
0x0000000076da0000 - 0x0000000076e9a000 	C:\Windows\system32\USER32.dll
0x000007fefd3e0000 - 0x000007fefd447000 	C:\Windows\system32\GDI32.dll
0x000007fefd2e0000 - 0x000007fefd2ee000 	C:\Windows\system32\LPK.dll
0x000007fefd2f0000 - 0x000007fefd3bb000 	C:\Windows\system32\USP10.dll
0x000007fefb3b0000 - 0x000007fefb5a4000 	C:\Windows\WinSxS\amd64_microsoft.windows.common-controls_6595b64144ccf1df_6.0.7601.23403_none_e36ad4593102f066\COMCTL32.dll
0x000007feff150000 - 0x000007feff1c1000 	C:\Windows\system32\SHLWAPI.dll
0x000007fefe450000 - 0x000007fefe47e000 	C:\Windows\system32\IMM32.DLL
0x000007fefd050000 - 0x000007fefd159000 	C:\Windows\system32\MSCTF.dll
0x000000005e670000 - 0x000000005e742000 	C:\Program Files\Java\jdk1.8.0_111\jre\bin\msvcr100.dll
0x000000005da90000 - 0x000000005e32a000 	C:\Program Files\Java\jdk1.8.0_111\jre\bin\server\jvm.dll
0x000007fef8eb0000 - 0x000007fef8eb9000 	C:\Windows\system32\WSOCK32.dll
0x000007fefe360000 - 0x000007fefe3ad000 	C:\Windows\system32\WS2_32.dll
0x000007fefe480000 - 0x000007fefe488000 	C:\Windows\system32\NSI.dll
0x000007fef7a90000 - 0x000007fef7acb000 	C:\Windows\system32\WINMM.dll
0x000007fefbd70000 - 0x000007fefbd7c000 	C:\Windows\system32\VERSION.dll
0x0000000077160000 - 0x0000000077167000 	C:\Windows\system32\PSAPI.DLL
0x0000000066a20000 - 0x0000000066a2f000 	C:\Program Files\Java\jdk1.8.0_111\jre\bin\verify.dll
0x000000005f660000 - 0x000000005f689000 	C:\Program Files\Java\jdk1.8.0_111\jre\bin\java.dll
0x000000005f570000 - 0x000000005f586000 	C:\Program Files\Java\jdk1.8.0_111\jre\bin\zip.dll
0x000007fefd450000 - 0x000007fefe1db000 	C:\Windows\system32\SHELL32.dll
0x000007fefed70000 - 0x000007fefef6d000 	C:\Windows\system32\ole32.dll
0x000007fefcc90000 - 0x000007fefcc9f000 	C:\Windows\system32\profapi.dll
0x000000005e4d0000 - 0x000000005e668000 	C:\Program Files\Java\jdk1.8.0_111\jre\bin\awt.dll
0x000007feff1d0000 - 0x000007feff2aa000 	C:\Windows\system32\OLEAUT32.dll
0x000007fefcaf0000 - 0x000007fefcaff000 	C:\Windows\system32\CRYPTBASE.dll
0x000007fefae10000 - 0x000007fefae28000 	C:\Windows\system32\DWMAPI.DLL
0x00000000693a0000 - 0x00000000693e7000 	C:\Program Files\Java\jdk1.8.0_111\jre\bin\fontmanager.dll
0x000000005f550000 - 0x000000005f56a000 	C:\Program Files\Java\jdk1.8.0_111\jre\bin\net.dll
0x000007fefc420000 - 0x000007fefc475000 	C:\Windows\system32\mswsock.dll
0x000007fefc410000 - 0x000007fefc417000 	C:\Windows\System32\wship6.dll
0x000000005f530000 - 0x000000005f541000 	C:\Program Files\Java\jdk1.8.0_111\jre\bin\nio.dll
0x0000000069350000 - 0x0000000069392000 	C:\Program Files\Java\jdk1.8.0_111\jre\bin\t2k.dll
0x000007fedf090000 - 0x000007fee1d62000 	C:\opencv\build\java\x64\opencv_java341.dll
0x000007fef91c0000 - 0x000007fef91e9000 	C:\Windows\system32\MSVFW32.dll
0x000007fef9200000 - 0x000007fef921f000 	C:\Windows\system32\AVIFIL32.dll
0x000007fef0050000 - 0x000007fef0068000 	C:\Windows\system32\MSACM32.dll
0x000007fef9030000 - 0x000007fef9047000 	C:\Windows\system32\AVICAP32.dll
0x000007fef8130000 - 0x000007fef8133000 	C:\Windows\system32\api-ms-win-core-synch-l1-2-0.DLL
0x000007fef6d40000 - 0x000007fef6de0000 	C:\Windows\WinSxS\amd64_microsoft.windows.common-controls_6595b64144ccf1df_5.82.7601.18837_none_a4d981ff711297b6\comctl32.dll
0x000007fefef70000 - 0x000007feff147000 	C:\Windows\system32\SETUPAPI.dll
0x000007fefce40000 - 0x000007fefce76000 	C:\Windows\system32\CFGMGR32.dll
0x000007fefd010000 - 0x000007fefd02a000 	C:\Windows\system32\DEVOBJ.dll
0x000007fefd240000 - 0x000007fefd2d9000 	C:\Windows\system32\CLBCatQ.DLL
0x000007fefb250000 - 0x000007fefb37c000 	C:\Windows\system32\propsys.dll
0x000007fefb5c0000 - 0x000007fefb5ed000 	C:\Windows\system32\ntmarta.dll
0x000007fefe1e0000 - 0x000007fefe232000 	C:\Windows\system32\WLDAP32.dll
0x000007fefca90000 - 0x000007fefcae7000 	C:\Windows\system32\apphelp.dll
0x000007fef25c0000 - 0x000007fef275c000 	C:\Windows\system32\NetworkExplorer.dll
0x000007fef7610000 - 0x000007fef7644000 	C:\Windows\System32\shdocvw.dll
0x000007fefa880000 - 0x000007fefa88b000 	C:\Windows\system32\slc.dll
0x000007fef84c0000 - 0x000007fef84d8000 	C:\Windows\system32\MPR.dll
0x000007fefb390000 - 0x000007fefb39a000 	C:\Windows\System32\drprov.dll
0x000007fefcb00000 - 0x000007fefcb3d000 	C:\Windows\System32\WINSTA.dll
0x000007fef9250000 - 0x000007fef9272000 	C:\Windows\System32\ntlanman.dll
0x000007fef93e0000 - 0x000007fef93fe000 	C:\Windows\System32\davclnt.dll
0x000007fefb6c0000 - 0x000007fefb6ca000 	C:\Windows\System32\DAVHLPR.dll
0x000007fefa920000 - 0x000007fefa935000 	C:\Windows\system32\wkscli.dll
0x000007fef7860000 - 0x000007fef786f000 	C:\Windows\system32\cscapi.dll
0x000007fefa940000 - 0x000007fefa94c000 	C:\Windows\system32\netutils.dll
0x000007feef430000 - 0x000007feef6a1000 	C:\Windows\system32\wpdshext.dll
0x000007fefafd0000 - 0x000007fefb1e7000 	C:\Windows\WinSxS\amd64_microsoft.windows.gdiplus_6595b64144ccf1df_1.1.7601.23894_none_145eb2808b8d6928\gdiplus.dll
0x000007feef360000 - 0x000007feef41d000 	C:\Windows\system32\PortableDeviceApi.dll
0x000007fefcdd0000 - 0x000007fefce0b000 	C:\Windows\system32\WINTRUST.dll
0x000007fefcea0000 - 0x000007fefd00d000 	C:\Windows\system32\CRYPT32.dll
0x000007fefcca0000 - 0x000007fefccaf000 	C:\Windows\system32\MSASN1.dll
0x000007fef7900000 - 0x000007fef7935000 	C:\Windows\system32\EhStorShell.dll
0x000007fef9220000 - 0x000007fef9247000 	C:\Windows\system32\EhStorAPI.dll
0x000007fef70c0000 - 0x000007fef70cc000 	C:\Windows\system32\LINKINFO.dll
0x000007fefa390000 - 0x000007fefa4f1000 	C:\Windows\system32\WindowsCodecs.dll
0x000007fef79c0000 - 0x000007fef7a57000 	C:\Users\Rafael\AppData\Local\MEGAsync\ShellExtX64.dll
0x000007fef7940000 - 0x000007fef79bf000 	C:\Program Files (x86)\Common Files\Adobe\CoreSyncExtension\CoreSync_x64.dll
0x000007fef7880000 - 0x000007fef78fe000 	C:\Windows\System32\cscui.dll
0x000007fef7870000 - 0x000007fef787c000 	C:\Windows\System32\CSCDLL.dll
0x000007fef77e0000 - 0x000007fef7860000 	C:\Windows\system32\ntshrui.dll
0x000007fefc730000 - 0x000007fefc753000 	C:\Windows\system32\srvcli.dll
0x000007fefc480000 - 0x000007fefc498000 	C:\Windows\system32\CRYPTSP.dll
0x000007fefc180000 - 0x000007fefc1c7000 	C:\Windows\system32\rsaenh.dll
0x000007fefce10000 - 0x000007fefce2f000 	C:\Windows\system32\USERENV.dll
0x000007fefa830000 - 0x000007fefa857000 	C:\Windows\system32\IPHLPAPI.DLL
0x000007fefa810000 - 0x000007fefa81b000 	C:\Windows\system32\WINNSI.DLL
0x000007fefa620000 - 0x000007fefa638000 	C:\Windows\system32\dhcpcsvc.DLL
0x000007fefa600000 - 0x000007fefa611000 	C:\Windows\system32\dhcpcsvc6.DLL
0x000007fef6f70000 - 0x000007fef7095000 	C:\Windows\system32\dbghelp.dll

VM Arguments:
jvm_args: -Dfile.encoding=UTF-8 -Djava.library.path=C:\opencv\build\java\x64 -Xmx512m 
java_command: src.Home
java_class_path (initial): C:\opencv\build\java\opencv-341.jar;D:\MEGA\MEGAsync\Projetos\Projetos NetBeans\Trab04_OpenCV\build\classes
Launcher Type: SUN_STANDARD

Environment Variables:
